<?xml version="1.0" encoding="UTF-8"?>
<testng-results ignored="0" total="1" passed="1" failed="0" skipped="0">
  <reporter-output>
  </reporter-output>
  <suite started-at="2023-07-06T14:11:41 IST" name="Default suite" finished-at="2023-07-06T14:12:01 IST" duration-ms="19715">
    <groups>
    </groups>
    <test started-at="2023-07-06T14:11:41 IST" name="Default test" finished-at="2023-07-06T14:12:01 IST" duration-ms="19715">
      <class name="com.testing.bookmyshowtest">
        <test-method is-config="true" signature="browser()[pri:0, instance:com.testing.bookmyshowtest@73e9cf30]" started-at="2023-07-06T14:11:41 IST" name="browser" finished-at="2023-07-06T14:11:56 IST" duration-ms="15019" status="PASS">
          <reporter-output>
          </reporter-output>
        </test-method> <!-- browser -->
        <test-method signature="search_testing()[pri:0, instance:com.testing.bookmyshowtest@73e9cf30]" started-at="2023-07-06T14:11:56 IST" name="search_testing" finished-at="2023-07-06T14:12:01 IST" duration-ms="4608" status="PASS">
          <reporter-output>
          </reporter-output>
        </test-method> <!-- search_testing -->
      </class> <!-- com.testing.bookmyshowtest -->
    </test> <!-- Default test -->
  </suite> <!-- Default suite -->
</testng-results>
